2025-10-10 19:26:08,278 - INFO - Aplicación iniciada correctamente
2025-10-10 19:57:51,582 - INFO - Aplicación cerrada correctamente
2025-10-10 19:59:39,606 - INFO - Aplicación iniciada correctamente
2025-10-10 20:30:11,866 - INFO - Aplicación iniciada correctamente
2025-10-10 20:35:45,469 - INFO - Aplicación iniciada correctamente
2025-10-10 20:43:11,653 - INFO - Aplicación iniciada correctamente
2025-10-10 20:46:03,859 - INFO - Aplicación cerrada correctamente
2025-10-10 20:47:45,786 - INFO - Aplicación iniciada correctamente
2025-10-10 20:48:06,533 - INFO - Aplicación cerrada correctamente
2025-10-10 20:51:29,391 - INFO - Aplicación iniciada correctamente
2025-10-10 20:53:16,048 - INFO - Aplicación cerrada correctamente
2025-10-10 20:59:04,048 - INFO - Sistema de hooks globales iniciado correctamente
2025-10-10 20:59:04,049 - ERROR - Error iniciando hooks globales: 'MainWindow' object has no attribute 'drop_area'
2025-10-10 20:59:04,419 - INFO - Aplicación iniciada correctamente
2025-10-10 21:07:12,372 - INFO - Sistema de hooks globales iniciado correctamente
2025-10-10 21:07:12,373 - ERROR - Error iniciando hooks globales: 'MainWindow' object has no attribute 'drop_area'
2025-10-10 21:07:12,734 - INFO - Aplicación iniciada correctamente
2025-10-10 21:09:11,768 - INFO - Sistema de hooks globales iniciado correctamente
2025-10-10 21:09:11,769 - ERROR - Error iniciando hooks globales: 'MainWindow' object has no attribute 'drop_area'
2025-10-10 21:09:11,828 - INFO - Aplicación iniciada correctamente
2025-10-10 21:11:35,483 - INFO - Aplicación iniciada correctamente
2025-10-10 21:11:36,489 - INFO - Sistema de hooks globales iniciado correctamente
2025-10-10 21:14:51,611 - INFO - Aplicación iniciada correctamente
2025-10-10 21:14:54,103 - INFO - Sistema de hooks globales iniciado correctamente
2025-10-10 21:16:58,104 - INFO - Aplicación iniciada correctamente
2025-10-10 21:17:00,601 - INFO - Sistema de hooks globales iniciado correctamente
2025-10-10 21:18:00,144 - INFO - Aplicación cerrada correctamente
2025-10-10 21:20:38,909 - INFO - Aplicación iniciada correctamente
2025-10-10 21:20:41,401 - INFO - Sistema de hooks globales iniciado correctamente
2025-10-10 21:21:03,700 - INFO - Aplicación iniciada correctamente
2025-10-10 21:21:06,198 - INFO - Sistema de hooks globales iniciado correctamente
2025-10-10 21:23:21,346 - INFO - Aplicación iniciada correctamente
2025-10-10 21:23:23,856 - INFO - Sistema de hooks globales iniciado correctamente
2025-10-10 21:23:40,476 - INFO - Aplicación cerrada correctamente
2025-10-10 21:23:43,231 - INFO - Aplicación cerrada correctamente
2025-10-10 21:23:46,625 - INFO - Aplicación iniciada correctamente
2025-10-10 21:23:49,136 - INFO - Sistema de hooks globales iniciado correctamente
2025-10-10 21:24:49,625 - INFO - Aplicación cerrada correctamente
2025-10-10 21:27:29,200 - INFO - Aplicación iniciada correctamente
2025-10-10 21:27:31,709 - INFO - Sistema de hooks globales iniciado correctamente
2025-10-10 21:27:58,469 - INFO - Aplicación cerrada correctamente
2025-10-10 21:28:01,388 - INFO - Aplicación iniciada correctamente
2025-10-10 21:28:03,881 - INFO - Sistema de hooks globales iniciado correctamente
2025-10-10 21:31:28,079 - INFO - Aplicación cerrada correctamente
2025-10-10 21:31:28,835 - INFO - Aplicación iniciada correctamente
2025-10-10 21:31:31,357 - INFO - Sistema de hooks globales iniciado correctamente
2025-10-10 21:31:38,115 - INFO - Aplicación cerrada correctamente
2025-10-10 21:31:41,715 - INFO - Aplicación iniciada correctamente
2025-10-10 21:31:44,233 - INFO - Sistema de hooks globales iniciado correctamente
2025-10-10 21:33:49,049 - INFO - Aplicación cerrada correctamente
2025-10-10 21:33:49,674 - INFO - Aplicación iniciada correctamente
2025-10-10 21:33:52,163 - INFO - Sistema de hooks globales iniciado correctamente
2025-10-10 21:35:21,174 - INFO - Aplicación cerrada correctamente
2025-10-10 21:35:33,149 - INFO - Aplicación iniciada correctamente
2025-10-10 21:35:35,665 - INFO - Sistema de hooks globales iniciado correctamente
2025-10-10 21:36:24,338 - INFO - Aplicación cerrada correctamente
2025-10-10 21:37:09,583 - INFO - Aplicación iniciada correctamente
2025-10-10 21:37:12,090 - INFO - Sistema de hooks globales iniciado correctamente
2025-10-10 21:40:10,651 - INFO - Aplicación cerrada correctamente
2025-10-10 21:40:11,502 - INFO - Aplicación iniciada correctamente
2025-10-10 21:40:13,993 - INFO - Sistema de hooks globales iniciado correctamente
2025-10-10 21:42:53,950 - INFO - Aplicación cerrada correctamente
2025-10-10 21:45:06,257 - INFO - Aplicación iniciada correctamente
2025-10-10 21:45:08,776 - INFO - Sistema de hooks globales iniciado correctamente
2025-10-10 21:45:16,770 - INFO - Aplicación cerrada correctamente
2025-10-10 21:45:18,309 - INFO - Aplicación iniciada correctamente
2025-10-10 21:45:20,830 - INFO - Sistema de hooks globales iniciado correctamente
2025-10-10 21:45:30,597 - INFO - Aplicación cerrada correctamente
2025-10-10 21:45:31,421 - INFO - Aplicación iniciada correctamente
2025-10-10 21:45:33,925 - INFO - Sistema de hooks globales iniciado correctamente
2025-10-10 21:48:44,357 - INFO - Aplicación cerrada correctamente
2025-10-10 21:48:45,081 - INFO - Aplicación iniciada correctamente
2025-10-10 21:48:47,572 - INFO - Sistema de hooks globales iniciado correctamente
2025-10-10 21:50:42,827 - INFO - Aplicación cerrada correctamente
2025-10-10 21:50:43,524 - INFO - Aplicación iniciada correctamente
2025-10-10 21:50:46,022 - INFO - Sistema de hooks globales iniciado correctamente
2025-10-10 21:53:20,639 - INFO - Aplicación cerrada correctamente
2025-10-10 21:53:21,433 - INFO - Aplicación iniciada correctamente
2025-10-10 21:53:23,946 - INFO - Sistema de hooks globales iniciado correctamente
2025-10-10 21:56:01,960 - INFO - Aplicación iniciada correctamente
2025-10-10 21:56:04,461 - INFO - Sistema de hooks globales iniciado correctamente
2025-10-10 21:56:05,807 - INFO - Aplicación cerrada correctamente
2025-10-10 21:56:06,589 - INFO - Aplicación iniciada correctamente
2025-10-10 21:56:08,769 - INFO - Aplicación cerrada correctamente
2025-10-10 21:56:09,102 - INFO - Sistema de hooks globales iniciado correctamente
2025-10-10 21:56:09,977 - INFO - Aplicación cerrada correctamente
2025-10-10 21:56:12,278 - INFO - Aplicación iniciada correctamente
2025-10-10 21:56:14,786 - INFO - Sistema de hooks globales iniciado correctamente
2025-10-10 21:56:22,514 - INFO - Aplicación cerrada correctamente
2025-10-10 21:56:24,731 - INFO - Aplicación iniciada correctamente
2025-10-10 21:56:27,230 - INFO - Sistema de hooks globales iniciado correctamente
2025-10-10 22:00:27,035 - INFO - Aplicación cerrada correctamente
2025-10-10 22:00:55,952 - INFO - Aplicación iniciada correctamente
2025-10-10 22:00:58,448 - INFO - Sistema de hooks globales iniciado correctamente
2025-10-10 22:05:18,919 - INFO - Aplicación cerrada correctamente
2025-10-10 22:07:11,542 - INFO - Aplicación iniciada correctamente
2025-10-10 22:07:14,049 - INFO - Sistema de hooks globales iniciado correctamente
2025-10-10 22:18:53,431 - INFO - Aplicación cerrada correctamente
2025-10-10 22:18:55,066 - INFO - Aplicación iniciada correctamente
2025-10-10 22:18:57,576 - INFO - Sistema de hooks globales iniciado correctamente
2025-10-10 22:26:17,360 - INFO - Aplicación cerrada correctamente
2025-10-10 22:26:45,468 - INFO - Aplicación iniciada correctamente
2025-10-10 22:26:47,971 - INFO - Sistema de hooks globales iniciado correctamente
2025-10-10 22:28:46,755 - INFO - Aplicación cerrada correctamente
2025-10-10 22:29:10,911 - INFO - Aplicación iniciada correctamente
2025-10-10 22:29:13,425 - INFO - Sistema de hooks globales iniciado correctamente
2025-10-10 22:29:33,430 - INFO - Aplicación cerrada correctamente
2025-10-10 22:32:04,790 - INFO - Aplicación iniciada correctamente
2025-10-10 22:32:07,300 - INFO - Sistema de hooks globales iniciado correctamente
2025-10-10 22:34:04,447 - INFO - Aplicación cerrada correctamente
2025-10-10 22:34:05,250 - INFO - Aplicación iniciada correctamente
2025-10-10 22:34:07,742 - INFO - Sistema de hooks globales iniciado correctamente
2025-10-10 22:34:08,864 - INFO - Aplicación cerrada correctamente
2025-10-10 22:34:11,006 - INFO - Aplicación iniciada correctamente
2025-10-10 22:34:13,515 - INFO - Sistema de hooks globales iniciado correctamente
2025-10-10 22:37:49,506 - INFO - Aplicación cerrada correctamente
2025-10-10 22:38:36,242 - INFO - Aplicación iniciada correctamente
2025-10-10 22:38:38,746 - INFO - Sistema de hooks globales iniciado correctamente
2025-10-10 22:42:23,259 - INFO - Aplicación cerrada correctamente
2025-10-10 22:42:25,324 - INFO - Aplicación iniciada correctamente
2025-10-10 22:42:27,826 - INFO - Sistema de hooks globales iniciado correctamente
2025-10-10 22:43:31,699 - INFO - Aplicación cerrada correctamente
2025-10-10 22:44:34,198 - INFO - Aplicación iniciada correctamente
2025-10-10 22:44:36,695 - INFO - Sistema de hooks globales iniciado correctamente
2025-10-10 22:45:28,678 - INFO - Aplicación cerrada correctamente
2025-10-10 22:46:20,030 - INFO - Aplicación iniciada correctamente
2025-10-10 22:46:22,521 - INFO - Sistema de hooks globales iniciado correctamente
2025-10-10 22:49:40,677 - INFO - Aplicación cerrada correctamente
2025-10-10 22:51:43,502 - INFO - Aplicación iniciada correctamente
2025-10-10 22:51:46,001 - INFO - Sistema de hooks globales iniciado correctamente
2025-10-10 22:55:18,604 - INFO - Aplicación cerrada correctamente
2025-10-10 22:57:22,738 - INFO - Aplicación iniciada correctamente
2025-10-10 22:57:24,291 - INFO - Aplicación cerrada correctamente
2025-10-10 22:57:26,873 - INFO - Aplicación iniciada correctamente
2025-10-10 22:57:29,378 - INFO - Sistema de hooks globales iniciado correctamente
2025-10-10 23:00:06,375 - INFO - Aplicación cerrada correctamente
2025-10-10 23:00:07,049 - INFO - Aplicación iniciada correctamente
2025-10-10 23:00:09,540 - INFO - Sistema de hooks globales iniciado correctamente
2025-10-10 23:03:08,674 - INFO - Aplicación cerrada correctamente
2025-10-10 23:03:47,993 - INFO - Aplicación iniciada correctamente
2025-10-10 23:03:50,721 - INFO - Sistema de hooks globales iniciado correctamente
2025-10-10 23:04:07,351 - INFO - Aplicación cerrada correctamente
2025-10-10 23:04:09,717 - INFO - Aplicación iniciada correctamente
2025-10-10 23:04:12,218 - INFO - Sistema de hooks globales iniciado correctamente
2025-10-10 23:06:49,934 - INFO - Aplicación cerrada correctamente
2025-10-10 23:07:23,786 - INFO - Aplicación iniciada correctamente
2025-10-10 23:07:26,313 - INFO - Sistema de hooks globales iniciado correctamente
2025-10-10 23:31:29,394 - INFO - Aplicación iniciada correctamente
2025-10-10 23:31:31,882 - INFO - Sistema de hooks globales iniciado correctamente
2025-10-10 23:32:07,027 - INFO - Aplicación cerrada correctamente
2025-10-11 08:03:09,360 - INFO - Aplicación iniciada correctamente
2025-10-11 08:03:11,873 - INFO - Sistema de hooks globales iniciado correctamente
2025-10-11 08:04:36,735 - INFO - Aplicación cerrada correctamente
2025-10-11 11:08:59,067 - INFO - Aplicación iniciada correctamente
2025-10-11 11:09:01,581 - INFO - Sistema de hooks globales iniciado correctamente
2025-10-11 11:09:03,934 - INFO - Aplicación iniciada correctamente
2025-10-11 11:09:06,447 - INFO - Sistema de hooks globales iniciado correctamente
2025-10-11 11:09:09,363 - INFO - Aplicación cerrada correctamente
2025-10-11 11:09:11,663 - INFO - Aplicación cerrada correctamente
2025-10-11 11:09:13,994 - INFO - Aplicación iniciada correctamente
2025-10-11 11:09:16,491 - INFO - Sistema de hooks globales iniciado correctamente
2025-10-11 11:10:08,015 - INFO - Aplicación cerrada correctamente
2025-10-11 11:10:52,313 - INFO - Aplicación iniciada correctamente
2025-10-11 11:10:54,830 - INFO - Sistema de hooks globales iniciado correctamente
2025-10-11 11:11:24,008 - INFO - Aplicación cerrada correctamente
2025-10-11 11:11:26,261 - INFO - Aplicación iniciada correctamente
2025-10-11 11:11:28,775 - INFO - Sistema de hooks globales iniciado correctamente
2025-10-11 11:14:36,216 - INFO - Aplicación cerrada correctamente
2025-10-11 11:15:07,818 - INFO - Aplicación iniciada correctamente
2025-10-11 11:15:10,326 - INFO - Sistema de hooks globales iniciado correctamente
2025-10-11 11:19:07,508 - INFO - Aplicación cerrada correctamente
2025-10-11 11:22:32,110 - INFO - Aplicación iniciada correctamente
2025-10-11 11:22:34,608 - INFO - Sistema de hooks globales iniciado correctamente
2025-10-11 11:23:10,725 - INFO - Aplicación iniciada correctamente
2025-10-11 11:23:13,225 - INFO - Sistema de hooks globales iniciado correctamente
2025-10-11 11:40:43,797 - INFO - Aplicación iniciada correctamente
2025-10-11 11:40:46,291 - INFO - Sistema de hooks globales iniciado correctamente
2025-10-11 12:00:30,850 - INFO - Aplicación cerrada correctamente
2025-10-11 12:01:23,178 - INFO - Aplicación iniciada correctamente
2025-10-11 12:01:25,688 - INFO - Sistema de hooks globales iniciado correctamente
2025-10-11 12:23:51,879 - INFO - Aplicación iniciada correctamente
2025-10-11 12:23:53,689 - INFO - Aplicación cerrada correctamente
2025-10-11 12:23:54,734 - INFO - Aplicación cerrada correctamente
2025-10-11 12:25:08,949 - INFO - Aplicación iniciada correctamente
2025-10-11 12:25:11,456 - INFO - Sistema de hooks globales iniciado correctamente
2025-10-11 12:26:02,448 - INFO - Aplicación cerrada correctamente
2025-10-11 12:26:03,126 - INFO - Aplicación iniciada correctamente
2025-10-11 12:26:05,618 - INFO - Sistema de hooks globales iniciado correctamente
2025-10-11 12:26:59,467 - INFO - Aplicación cerrada correctamente
2025-10-11 12:37:22,113 - INFO - Aplicación iniciada correctamente
2025-10-11 12:37:24,613 - INFO - Sistema de hooks globales iniciado correctamente
2025-10-11 12:37:48,639 - INFO - Aplicación iniciada correctamente
2025-10-11 12:37:51,143 - INFO - Sistema de hooks globales iniciado correctamente
2025-10-11 12:37:55,510 - INFO - Aplicación cerrada correctamente
2025-10-11 12:37:56,521 - INFO - Aplicación cerrada correctamente
2025-10-11 12:37:58,942 - INFO - Aplicación iniciada correctamente
2025-10-11 12:38:01,452 - INFO - Sistema de hooks globales iniciado correctamente
2025-10-11 12:38:44,892 - INFO - Aplicación cerrada correctamente
2025-10-11 12:38:49,391 - INFO - Aplicación iniciada correctamente
2025-10-11 12:38:52,061 - INFO - Sistema de hooks globales iniciado correctamente
2025-10-11 12:39:20,516 - INFO - Aplicación cerrada correctamente
2025-10-11 12:39:22,267 - INFO - Aplicación iniciada correctamente
2025-10-11 12:39:24,758 - INFO - Sistema de hooks globales iniciado correctamente
2025-10-11 12:40:51,647 - INFO - Aplicación cerrada correctamente
2025-10-11 12:40:53,578 - INFO - Aplicación iniciada correctamente
2025-10-11 12:40:56,074 - INFO - Sistema de hooks globales iniciado correctamente
2025-10-11 12:42:06,734 - INFO - Aplicación cerrada correctamente
2025-10-11 12:42:59,668 - INFO - Aplicación iniciada correctamente
2025-10-11 12:43:02,172 - INFO - Sistema de hooks globales iniciado correctamente
2025-10-11 12:46:48,816 - INFO - Aplicación cerrada correctamente
2025-10-11 12:48:29,385 - INFO - Aplicación iniciada correctamente
2025-10-11 12:48:31,879 - INFO - Sistema de hooks globales iniciado correctamente
2025-10-11 12:52:08,603 - INFO - Aplicación iniciada correctamente
2025-10-11 12:52:11,114 - INFO - Sistema de hooks globales iniciado correctamente
2025-10-11 12:52:23,696 - INFO - Aplicación iniciada correctamente
2025-10-11 12:52:26,209 - INFO - Sistema de hooks globales iniciado correctamente
2025-10-11 12:56:25,130 - INFO - Aplicación iniciada correctamente
2025-10-11 12:56:27,216 - INFO - Aplicación cerrada correctamente
2025-10-11 12:56:27,638 - INFO - Sistema de hooks globales iniciado correctamente
2025-10-11 12:56:28,382 - INFO - Aplicación cerrada correctamente
2025-10-11 12:56:31,180 - INFO - Aplicación iniciada correctamente
2025-10-11 12:56:33,694 - INFO - Sistema de hooks globales iniciado correctamente
2025-10-11 13:00:15,010 - INFO - Aplicación cerrada correctamente
2025-10-11 13:00:35,900 - INFO - Aplicación iniciada correctamente
2025-10-11 13:00:38,398 - INFO - Sistema de hooks globales iniciado correctamente
2025-10-11 13:02:59,316 - INFO - Aplicación cerrada correctamente
2025-10-11 13:03:05,866 - INFO - Aplicación iniciada correctamente
2025-10-11 13:03:08,375 - INFO - Sistema de hooks globales iniciado correctamente
2025-10-11 13:06:32,396 - INFO - Aplicación cerrada correctamente
2025-10-11 13:07:09,577 - INFO - Aplicación iniciada correctamente
2025-10-11 13:07:12,068 - INFO - Sistema de hooks globales iniciado correctamente
2025-10-11 13:07:24,760 - INFO - Aplicación cerrada correctamente
2025-10-11 13:07:26,838 - INFO - Aplicación iniciada correctamente
2025-10-11 13:07:29,339 - INFO - Sistema de hooks globales iniciado correctamente
2025-10-11 13:08:06,245 - INFO - Aplicación cerrada correctamente
2025-10-11 13:08:07,081 - INFO - Aplicación iniciada correctamente
2025-10-11 13:08:09,566 - INFO - Sistema de hooks globales iniciado correctamente
2025-10-11 13:08:13,687 - INFO - Aplicación cerrada correctamente
2025-10-11 13:08:41,887 - INFO - Aplicación iniciada correctamente
2025-10-11 13:08:44,563 - INFO - Sistema de hooks globales iniciado correctamente
2025-10-11 13:09:07,483 - INFO - Aplicación cerrada correctamente
2025-10-11 13:13:38,238 - INFO - Aplicación iniciada correctamente
2025-10-11 13:13:40,738 - INFO - Sistema de hooks globales iniciado correctamente
2025-10-11 13:14:59,409 - INFO - Aplicación cerrada correctamente
2025-10-11 13:15:03,014 - INFO - Aplicación iniciada correctamente
2025-10-11 13:15:05,513 - INFO - Sistema de hooks globales iniciado correctamente
2025-10-11 13:15:14,614 - INFO - Aplicación cerrada correctamente
2025-10-11 13:15:16,065 - INFO - Aplicación iniciada correctamente
2025-10-11 13:15:18,570 - INFO - Sistema de hooks globales iniciado correctamente
2025-10-11 13:15:39,173 - INFO - Aplicación cerrada correctamente
2025-10-11 13:16:47,570 - INFO - Aplicación iniciada correctamente
2025-10-11 13:16:50,069 - INFO - Sistema de hooks globales iniciado correctamente
2025-10-11 13:17:01,903 - INFO - Aplicación cerrada correctamente
2025-10-11 13:17:03,753 - INFO - Aplicación iniciada correctamente
2025-10-11 13:17:06,254 - INFO - Sistema de hooks globales iniciado correctamente
2025-10-11 13:23:12,478 - INFO - Aplicación cerrada correctamente
2025-10-11 13:23:57,446 - INFO - Aplicación iniciada correctamente
2025-10-11 13:23:59,941 - INFO - Sistema de hooks globales iniciado correctamente
2025-10-11 13:26:57,768 - INFO - Aplicación cerrada correctamente
2025-10-11 13:28:05,196 - INFO - Aplicación iniciada correctamente
2025-10-11 13:28:07,706 - INFO - Sistema de hooks globales iniciado correctamente
2025-10-11 13:30:43,031 - INFO - Aplicación iniciada correctamente
2025-10-11 13:30:45,545 - INFO - Sistema de hooks globales iniciado correctamente
2025-10-11 13:35:10,112 - INFO - Aplicación cerrada correctamente
2025-10-11 13:35:12,068 - INFO - Aplicación iniciada correctamente
2025-10-11 13:35:14,571 - INFO - Sistema de hooks globales iniciado correctamente
2025-10-11 13:36:10,323 - INFO - Aplicación cerrada correctamente
2025-10-11 13:42:57,381 - INFO - Aplicación iniciada correctamente
2025-10-11 13:42:59,891 - INFO - Sistema de hooks globales iniciado correctamente
2025-10-11 13:43:36,730 - INFO - Aplicación iniciada correctamente
2025-10-11 13:43:39,239 - INFO - Sistema de hooks globales iniciado correctamente
2025-10-11 13:46:30,351 - INFO - Aplicación cerrada correctamente
2025-10-11 13:46:32,430 - INFO - Aplicación iniciada correctamente
2025-10-11 13:46:34,927 - INFO - Sistema de hooks globales iniciado correctamente
2025-10-11 13:47:07,506 - INFO - Aplicación iniciada correctamente
2025-10-11 13:47:10,004 - INFO - Sistema de hooks globales iniciado correctamente
2025-10-11 13:47:31,472 - INFO - Aplicación cerrada correctamente
2025-10-11 13:47:32,182 - INFO - Aplicación iniciada correctamente
2025-10-11 13:47:34,676 - INFO - Sistema de hooks globales iniciado correctamente
2025-10-11 13:49:53,090 - INFO - Aplicación cerrada correctamente
2025-10-11 13:50:46,472 - INFO - Aplicación iniciada correctamente
2025-10-11 13:50:48,973 - INFO - Sistema de hooks globales iniciado correctamente
2025-10-11 13:54:24,716 - INFO - Aplicación cerrada correctamente
2025-10-11 13:57:01,034 - INFO - Aplicación iniciada correctamente
2025-10-11 13:57:03,541 - INFO - Sistema de hooks globales iniciado correctamente
2025-10-11 13:57:48,941 - INFO - Aplicación cerrada correctamente
2025-10-11 13:58:13,901 - INFO - Aplicación iniciada correctamente
2025-10-11 13:58:16,411 - INFO - Sistema de hooks globales iniciado correctamente
2025-10-11 14:13:04,504 - INFO - Aplicación cerrada correctamente
2025-10-11 14:13:06,849 - INFO - Aplicación iniciada correctamente
2025-10-11 14:13:09,348 - INFO - Sistema de hooks globales iniciado correctamente
2025-10-11 14:23:51,433 - INFO - Aplicación cerrada correctamente
2025-10-11 14:23:53,933 - INFO - Aplicación iniciada correctamente
2025-10-11 14:23:56,441 - INFO - Sistema de hooks globales iniciado correctamente
2025-10-11 14:26:25,083 - INFO - Aplicación cerrada correctamente
2025-10-11 14:28:26,256 - INFO - Aplicación iniciada correctamente
2025-10-11 14:28:28,780 - INFO - Sistema de hooks globales iniciado correctamente
2025-10-11 14:30:14,828 - INFO - Aplicación cerrada correctamente
2025-10-11 14:30:16,885 - INFO - Aplicación iniciada correctamente
2025-10-11 14:30:19,396 - INFO - Sistema de hooks globales iniciado correctamente
2025-10-11 14:33:40,842 - INFO - Aplicación cerrada correctamente
2025-10-11 15:22:36,888 - INFO - Aplicación iniciada correctamente
2025-10-11 15:22:39,398 - INFO - Sistema de hooks globales iniciado correctamente
2025-10-11 15:24:35,047 - INFO - Aplicación cerrada correctamente
2025-10-11 15:24:53,030 - INFO - Aplicación iniciada correctamente
2025-10-11 15:24:55,535 - INFO - Sistema de hooks globales iniciado correctamente
2025-10-11 15:26:05,503 - INFO - Aplicación cerrada correctamente
2025-10-11 15:34:11,960 - INFO - Aplicación iniciada correctamente
2025-10-11 15:34:14,473 - INFO - Sistema de hooks globales iniciado correctamente
2025-10-11 15:35:06,969 - INFO - Aplicación cerrada correctamente
2025-10-11 15:35:09,301 - INFO - Aplicación iniciada correctamente
2025-10-11 15:35:11,816 - INFO - Sistema de hooks globales iniciado correctamente
2025-10-11 15:35:18,823 - INFO - Aplicación cerrada correctamente
2025-10-12 20:01:05,718 - INFO - Aplicación iniciada correctamente
2025-10-12 20:01:08,240 - INFO - Sistema de hooks globales iniciado correctamente
2025-10-12 20:01:31,435 - INFO - Sistema de hooks globales iniciado correctamente
2025-10-12 20:01:37,094 - INFO - Sistema de hooks globales iniciado correctamente
2025-10-12 20:01:58,323 - INFO - Aplicación cerrada correctamente
2025-10-12 20:02:00,233 - INFO - Aplicación iniciada correctamente
2025-10-12 20:02:02,752 - INFO - Sistema de hooks globales iniciado correctamente
2025-10-12 20:03:52,953 - INFO - Sistema de hooks globales iniciado correctamente
2025-10-12 20:03:53,850 - INFO - Sistema de hooks globales iniciado correctamente
2025-10-12 20:05:10,805 - INFO - Aplicación cerrada correctamente
2025-10-12 20:05:12,557 - INFO - Aplicación iniciada correctamente
2025-10-12 20:05:15,054 - INFO - Sistema de hooks globales iniciado correctamente
2025-10-12 20:08:06,470 - INFO - Sistema de hooks globales iniciado correctamente
2025-10-12 20:08:07,988 - INFO - Sistema de hooks globales iniciado correctamente
2025-10-12 20:09:43,262 - INFO - Sistema de hooks globales iniciado correctamente
2025-10-12 20:09:43,993 - INFO - Sistema de hooks globales iniciado correctamente
2025-10-12 20:09:46,801 - INFO - Aplicación cerrada correctamente
2025-10-12 20:09:52,132 - INFO - Aplicación iniciada correctamente
2025-10-12 20:09:54,641 - INFO - Sistema de hooks globales iniciado correctamente
2025-10-12 20:11:46,749 - INFO - Aplicación cerrada correctamente
2025-10-12 20:11:48,638 - INFO - Aplicación iniciada correctamente
2025-10-12 20:11:51,135 - INFO - Sistema de hooks globales iniciado correctamente
2025-10-12 20:12:09,770 - INFO - Aplicación cerrada correctamente
2025-10-12 20:12:10,466 - INFO - Aplicación iniciada correctamente
2025-10-12 20:12:12,957 - INFO - Sistema de hooks globales iniciado correctamente
2025-10-12 20:12:31,836 - INFO - Aplicación cerrada correctamente
2025-10-12 20:12:33,967 - INFO - Aplicación iniciada correctamente
2025-10-12 20:12:36,459 - INFO - Sistema de hooks globales iniciado correctamente
2025-10-12 20:16:59,372 - INFO - Aplicación cerrada correctamente
2025-10-12 20:17:01,611 - INFO - Aplicación iniciada correctamente
2025-10-12 20:17:04,120 - INFO - Sistema de hooks globales iniciado correctamente
2025-10-12 20:18:02,501 - INFO - Sistema de hooks globales iniciado correctamente
2025-10-12 20:18:03,106 - INFO - Sistema de hooks globales iniciado correctamente
2025-10-12 20:18:05,733 - INFO - Aplicación cerrada correctamente
2025-10-12 20:18:07,552 - INFO - Aplicación iniciada correctamente
2025-10-12 20:18:10,061 - INFO - Sistema de hooks globales iniciado correctamente
2025-10-12 20:18:37,342 - INFO - Sistema de hooks globales iniciado correctamente
2025-10-12 20:18:38,215 - INFO - Sistema de hooks globales iniciado correctamente
2025-10-12 20:18:40,282 - INFO - Aplicación cerrada correctamente
2025-10-12 20:19:21,033 - INFO - Aplicación iniciada correctamente
2025-10-12 20:19:23,522 - INFO - Sistema de hooks globales iniciado correctamente
2025-10-12 20:21:29,142 - INFO - Sistema de hooks globales iniciado correctamente
2025-10-12 20:21:33,687 - INFO - Sistema de hooks globales iniciado correctamente
2025-10-12 20:21:34,468 - INFO - Sistema de hooks globales iniciado correctamente
2025-10-12 20:31:00,803 - INFO - Aplicación cerrada correctamente
2025-10-17 18:10:53,042 - INFO - Aplicación iniciada correctamente
2025-10-17 18:10:55,549 - INFO - Sistema de hooks globales iniciado correctamente
2025-10-18 09:04:08,076 - INFO - Aplicación iniciada correctamente
2025-10-18 09:04:10,579 - INFO - Sistema de hooks globales iniciado correctamente
2025-10-18 09:08:45,681 - INFO - Aplicación cerrada correctamente
2025-10-18 09:08:48,153 - INFO - Aplicación iniciada correctamente
2025-10-18 09:08:50,665 - INFO - Sistema de hooks globales iniciado correctamente
2025-10-18 09:10:25,577 - INFO - Aplicación cerrada correctamente
2025-10-18 09:13:23,217 - INFO - Aplicación iniciada correctamente
2025-10-18 09:13:25,728 - INFO - Sistema de hooks globales iniciado correctamente
2025-10-18 09:13:54,615 - INFO - Aplicación cerrada correctamente
2025-10-18 09:22:12,405 - INFO - Aplicación iniciada correctamente
2025-10-18 09:22:14,896 - INFO - Sistema de hooks globales iniciado correctamente
2025-10-18 09:39:57,758 - INFO - Aplicación cerrada correctamente
2025-10-18 09:39:59,789 - INFO - Aplicación iniciada correctamente
2025-10-18 09:40:02,287 - INFO - Sistema de hooks globales iniciado correctamente
2025-10-18 09:40:23,997 - INFO - Sistema de hooks globales iniciado correctamente
2025-10-18 09:40:24,697 - INFO - Sistema de hooks globales iniciado correctamente
2025-10-18 09:49:36,112 - INFO - Aplicación cerrada correctamente
2025-10-18 09:51:52,672 - INFO - Aplicación iniciada correctamente
2025-10-18 09:51:55,182 - INFO - Sistema de hooks globales iniciado correctamente
2025-10-18 10:02:14,283 - INFO - Aplicación cerrada correctamente
2025-10-18 10:02:15,162 - INFO - Aplicación iniciada correctamente
2025-10-18 10:02:17,662 - INFO - Sistema de hooks globales iniciado correctamente
2025-10-18 10:17:35,890 - INFO - Aplicación cerrada correctamente
2025-10-18 10:20:09,438 - INFO - Aplicación iniciada correctamente
2025-10-18 10:20:11,951 - INFO - Sistema de hooks globales iniciado correctamente
2025-10-18 10:24:25,598 - INFO - Aplicación cerrada correctamente
2025-10-18 10:26:11,101 - INFO - Aplicación iniciada correctamente
2025-10-18 10:26:13,618 - INFO - Sistema de hooks globales iniciado correctamente
2025-10-18 10:29:14,332 - INFO - Aplicación cerrada correctamente
2025-10-18 10:31:09,610 - INFO - Aplicación iniciada correctamente
2025-10-18 10:31:12,103 - INFO - Sistema de hooks globales iniciado correctamente
2025-10-18 10:37:26,060 - INFO - Aplicación cerrada correctamente
2025-10-18 10:40:08,188 - INFO - Aplicación iniciada correctamente
2025-10-18 10:40:10,676 - INFO - Sistema de hooks globales iniciado correctamente
2025-10-18 10:40:32,826 - INFO - Aplicación cerrada correctamente
2025-10-18 10:44:49,896 - INFO - Aplicación iniciada correctamente
2025-10-18 10:44:52,397 - INFO - Sistema de hooks globales iniciado correctamente
2025-10-18 10:48:53,212 - INFO - Aplicación cerrada correctamente
2025-10-18 10:49:48,537 - INFO - Aplicación iniciada correctamente
2025-10-18 10:49:51,035 - INFO - Sistema de hooks globales iniciado correctamente
2025-10-18 10:54:16,057 - INFO - Sistema de hooks globales iniciado correctamente
2025-10-18 10:54:26,380 - INFO - Sistema de hooks globales iniciado correctamente
2025-10-18 10:54:33,961 - INFO - Aplicación cerrada correctamente
2025-10-18 10:54:37,398 - INFO - Aplicación iniciada correctamente
2025-10-18 10:54:39,893 - INFO - Sistema de hooks globales iniciado correctamente
2025-10-18 10:54:46,282 - INFO - Sistema de hooks globales iniciado correctamente
2025-10-18 10:54:46,784 - INFO - Sistema de hooks globales iniciado correctamente
2025-10-18 10:57:13,614 - INFO - Aplicación cerrada correctamente
2025-10-18 10:57:18,874 - INFO - Aplicación iniciada correctamente
2025-10-18 10:57:21,374 - INFO - Sistema de hooks globales iniciado correctamente
2025-10-18 10:58:56,565 - INFO - Aplicación cerrada correctamente
2025-10-18 10:59:44,272 - INFO - Aplicación iniciada correctamente
2025-10-18 10:59:46,792 - INFO - Sistema de hooks globales iniciado correctamente
2025-10-18 11:00:31,712 - INFO - Aplicación cerrada correctamente
2025-10-18 11:05:04,329 - INFO - Aplicación iniciada correctamente
2025-10-18 11:05:06,815 - INFO - Sistema de hooks globales iniciado correctamente
2025-10-18 11:07:11,775 - INFO - Aplicación cerrada correctamente
2025-10-18 11:07:13,486 - INFO - Aplicación iniciada correctamente
2025-10-18 11:07:15,989 - INFO - Sistema de hooks globales iniciado correctamente
2025-10-18 11:17:34,654 - INFO - Aplicación cerrada correctamente
2025-10-18 11:17:42,123 - INFO - Aplicación iniciada correctamente
2025-10-18 11:17:44,613 - INFO - Sistema de hooks globales iniciado correctamente
2025-10-18 11:20:14,817 - INFO - Aplicación cerrada correctamente
2025-10-18 11:20:47,292 - INFO - Aplicación iniciada correctamente
2025-10-18 11:20:49,790 - INFO - Sistema de hooks globales iniciado correctamente
2025-10-18 11:47:40,464 - INFO - Aplicación cerrada correctamente
2025-10-18 11:47:42,569 - INFO - Aplicación iniciada correctamente
2025-10-18 11:47:45,067 - INFO - Sistema de hooks globales iniciado correctamente
2025-10-18 11:50:39,979 - INFO - Aplicación cerrada correctamente
2025-10-18 11:50:41,742 - INFO - Aplicación iniciada correctamente
2025-10-18 11:50:44,237 - INFO - Sistema de hooks globales iniciado correctamente
2025-10-18 11:52:42,359 - INFO - Aplicación cerrada correctamente
2025-10-18 11:55:44,027 - INFO - Aplicación iniciada correctamente
2025-10-18 11:55:46,532 - INFO - Sistema de hooks globales iniciado correctamente
2025-10-18 11:57:51,573 - INFO - Aplicación cerrada correctamente
2025-10-18 12:01:12,593 - INFO - Aplicación iniciada correctamente
2025-10-18 12:01:15,080 - INFO - Sistema de hooks globales iniciado correctamente
2025-10-18 12:03:39,941 - INFO - Aplicación iniciada correctamente
2025-10-18 12:03:42,441 - INFO - Sistema de hooks globales iniciado correctamente
2025-10-18 12:05:22,636 - INFO - Aplicación iniciada correctamente
2025-10-18 12:05:25,128 - INFO - Sistema de hooks globales iniciado correctamente
2025-10-18 12:06:13,934 - INFO - Aplicación cerrada correctamente
2025-10-18 12:07:07,205 - INFO - Aplicación iniciada correctamente
2025-10-18 12:07:09,706 - INFO - Sistema de hooks globales iniciado correctamente
2025-10-18 12:08:12,566 - INFO - Aplicación cerrada correctamente
2025-10-18 12:08:50,965 - INFO - Aplicación iniciada correctamente
2025-10-18 12:08:53,460 - INFO - Sistema de hooks globales iniciado correctamente
2025-10-18 12:09:59,680 - INFO - Aplicación cerrada correctamente
2025-10-18 12:12:30,245 - INFO - Aplicación iniciada correctamente
2025-10-18 12:12:32,738 - INFO - Sistema de hooks globales iniciado correctamente
2025-10-18 12:13:37,982 - INFO - Aplicación cerrada correctamente
2025-10-18 12:13:42,060 - INFO - Aplicación iniciada correctamente
2025-10-18 12:13:44,552 - INFO - Sistema de hooks globales iniciado correctamente
2025-10-18 12:15:35,339 - INFO - Aplicación cerrada correctamente
2025-10-18 12:18:55,701 - INFO - Aplicación iniciada correctamente
2025-10-18 12:18:58,216 - INFO - Sistema de hooks globales iniciado correctamente
2025-10-18 12:20:12,252 - INFO - Aplicación cerrada correctamente
2025-10-18 12:21:30,036 - INFO - Aplicación iniciada correctamente
2025-10-18 12:21:32,548 - INFO - Sistema de hooks globales iniciado correctamente
2025-10-18 12:22:44,562 - INFO - Aplicación cerrada correctamente
2025-10-18 12:25:08,270 - INFO - Aplicación iniciada correctamente
2025-10-18 12:25:10,796 - INFO - Sistema de hooks globales iniciado correctamente
2025-10-18 12:34:55,809 - INFO - Aplicación cerrada correctamente
2025-10-18 12:34:59,196 - INFO - Aplicación iniciada correctamente
2025-10-18 12:35:01,690 - INFO - Sistema de hooks globales iniciado correctamente
2025-10-18 12:39:51,671 - INFO - Aplicación cerrada correctamente
2025-10-18 12:39:53,133 - INFO - Aplicación iniciada correctamente
2025-10-18 12:39:55,628 - INFO - Sistema de hooks globales iniciado correctamente
2025-10-18 12:40:00,710 - INFO - Aplicación cerrada correctamente
2025-10-18 12:40:03,521 - INFO - Aplicación iniciada correctamente
2025-10-18 12:40:06,042 - INFO - Sistema de hooks globales iniciado correctamente
2025-10-18 12:42:20,391 - INFO - Aplicación cerrada correctamente
2025-10-18 12:42:22,425 - INFO - Aplicación iniciada correctamente
2025-10-18 12:42:24,927 - INFO - Sistema de hooks globales iniciado correctamente
2025-10-18 12:43:07,219 - INFO - Aplicación cerrada correctamente
2025-10-18 12:45:38,698 - INFO - Aplicación iniciada correctamente
2025-10-18 12:45:41,200 - INFO - Sistema de hooks globales iniciado correctamente
2025-10-18 12:45:41,657 - INFO - Aplicación cerrada correctamente
2025-10-18 12:45:44,083 - INFO - Aplicación iniciada correctamente
2025-10-18 12:45:46,581 - INFO - Sistema de hooks globales iniciado correctamente
2025-10-18 12:48:08,248 - INFO - Aplicación cerrada correctamente
2025-10-18 12:50:05,326 - INFO - Aplicación iniciada correctamente
2025-10-18 12:50:07,816 - INFO - Sistema de hooks globales iniciado correctamente
2025-10-18 12:50:46,616 - INFO - Aplicación cerrada correctamente
2025-10-18 20:04:35,350 - INFO - Aplicación iniciada correctamente
2025-10-18 20:04:37,856 - INFO - Sistema de hooks globales iniciado correctamente
2025-10-18 20:25:19,107 - INFO - Aplicación cerrada correctamente
2025-10-18 20:25:22,369 - INFO - Aplicación iniciada correctamente
2025-10-18 20:25:24,862 - INFO - Sistema de hooks globales iniciado correctamente
2025-10-18 20:26:52,180 - INFO - Aplicación cerrada correctamente
2025-10-18 20:36:52,146 - INFO - Aplicación iniciada correctamente
2025-10-18 20:36:54,644 - INFO - Sistema de hooks globales iniciado correctamente
2025-10-18 20:40:15,477 - INFO - Aplicación cerrada correctamente
2025-10-18 20:40:17,720 - INFO - Aplicación iniciada correctamente
2025-10-18 20:40:20,222 - INFO - Sistema de hooks globales iniciado correctamente
2025-10-18 20:42:37,090 - INFO - Aplicación cerrada correctamente
2025-10-18 20:44:42,366 - INFO - Aplicación iniciada correctamente
2025-10-18 20:44:44,887 - INFO - Sistema de hooks globales iniciado correctamente
2025-10-18 20:46:32,673 - INFO - Aplicación cerrada correctamente
2025-10-18 20:51:20,840 - INFO - Aplicación iniciada correctamente
2025-10-18 20:51:23,332 - INFO - Sistema de hooks globales iniciado correctamente
2025-10-18 20:52:36,023 - INFO - Aplicación cerrada correctamente
2025-10-18 20:54:22,208 - INFO - Aplicación iniciada correctamente
2025-10-18 20:54:24,707 - INFO - Sistema de hooks globales iniciado correctamente
2025-10-18 20:59:06,197 - INFO - Aplicación cerrada correctamente
2025-10-18 20:59:08,977 - INFO - Aplicación iniciada correctamente
2025-10-18 20:59:11,472 - INFO - Sistema de hooks globales iniciado correctamente
2025-10-18 21:01:45,452 - INFO - Aplicación iniciada correctamente
2025-10-18 21:01:47,965 - INFO - Sistema de hooks globales iniciado correctamente
2025-10-18 21:04:11,763 - INFO - Aplicación cerrada correctamente
2025-10-18 21:05:08,856 - INFO - Aplicación iniciada correctamente
2025-10-18 21:05:11,347 - INFO - Sistema de hooks globales iniciado correctamente
2025-10-18 21:09:30,332 - INFO - Aplicación cerrada correctamente
2025-10-18 21:10:40,493 - INFO - Aplicación iniciada correctamente
2025-10-18 21:10:42,994 - INFO - Sistema de hooks globales iniciado correctamente
2025-10-18 21:11:07,869 - INFO - Sistema de hooks globales iniciado correctamente
2025-10-18 21:11:10,752 - INFO - Aplicación cerrada correctamente
2025-10-18 21:11:12,879 - INFO - Aplicación iniciada correctamente
2025-10-18 21:11:15,379 - INFO - Sistema de hooks globales iniciado correctamente
2025-10-18 21:11:44,581 - INFO - Sistema de hooks globales iniciado correctamente
2025-10-18 21:11:45,085 - INFO - Sistema de hooks globales iniciado correctamente
2025-10-18 21:11:46,801 - INFO - Aplicación cerrada correctamente
2025-10-18 21:11:49,148 - INFO - Aplicación iniciada correctamente
2025-10-18 21:11:51,662 - INFO - Sistema de hooks globales iniciado correctamente
2025-10-18 21:14:19,254 - INFO - Aplicación cerrada correctamente
2025-10-18 21:14:21,383 - INFO - Aplicación iniciada correctamente
2025-10-18 21:14:23,879 - INFO - Sistema de hooks globales iniciado correctamente
2025-10-18 21:18:05,060 - INFO - Sistema de hooks globales iniciado correctamente
2025-10-18 21:18:06,643 - INFO - Sistema de hooks globales iniciado correctamente
2025-10-18 21:19:33,553 - INFO - Sistema de hooks globales iniciado correctamente
2025-10-18 21:19:34,105 - INFO - Sistema de hooks globales iniciado correctamente
2025-10-18 21:20:16,599 - INFO - Aplicación cerrada correctamente
2025-10-18 21:21:36,918 - INFO - Aplicación iniciada correctamente
2025-10-18 21:21:39,430 - INFO - Sistema de hooks globales iniciado correctamente
2025-10-18 21:24:05,178 - INFO - Aplicación iniciada correctamente
2025-10-18 21:24:07,677 - INFO - Sistema de hooks globales iniciado correctamente
2025-10-18 21:53:06,778 - INFO - Aplicación iniciada correctamente
2025-10-18 21:53:09,285 - INFO - Sistema de hooks globales iniciado correctamente
2025-10-18 21:53:10,586 - INFO - Aplicación cerrada correctamente
2025-10-18 21:53:14,174 - INFO - Aplicación cerrada correctamente
2025-10-18 21:53:16,135 - INFO - Aplicación iniciada correctamente
2025-10-18 21:53:18,625 - INFO - Sistema de hooks globales iniciado correctamente
2025-10-18 22:00:08,328 - INFO - Aplicación cerrada correctamente
2025-10-18 22:02:30,397 - INFO - Aplicación iniciada correctamente
2025-10-18 22:02:32,905 - INFO - Sistema de hooks globales iniciado correctamente
2025-10-18 22:05:13,375 - INFO - Aplicación iniciada correctamente
2025-10-18 22:05:15,873 - INFO - Sistema de hooks globales iniciado correctamente
2025-10-18 22:06:39,412 - INFO - Aplicación iniciada correctamente
2025-10-18 22:06:41,904 - INFO - Sistema de hooks globales iniciado correctamente
2025-10-18 22:06:54,773 - INFO - Aplicación cerrada correctamente
2025-10-18 22:06:55,772 - INFO - Aplicación cerrada correctamente
2025-10-18 22:06:56,829 - INFO - Aplicación cerrada correctamente
2025-10-18 22:06:58,693 - INFO - Aplicación iniciada correctamente
2025-10-18 22:07:01,194 - INFO - Sistema de hooks globales iniciado correctamente
2025-10-18 22:10:43,965 - INFO - Aplicación cerrada correctamente
2025-10-18 22:12:06,297 - INFO - Aplicación iniciada correctamente
2025-10-18 22:12:08,807 - INFO - Sistema de hooks globales iniciado correctamente
2025-10-18 22:18:22,642 - INFO - Aplicación cerrada correctamente
2025-10-18 22:28:07,501 - INFO - Aplicación iniciada correctamente
2025-10-18 22:28:10,005 - INFO - Sistema de hooks globales iniciado correctamente
2025-10-18 22:28:37,204 - INFO - Aplicación cerrada correctamente
2025-10-18 22:28:39,027 - INFO - Aplicación iniciada correctamente
2025-10-18 22:28:41,531 - INFO - Sistema de hooks globales iniciado correctamente
2025-10-19 10:03:59,963 - INFO - Aplicación iniciada correctamente
2025-10-19 10:04:02,482 - INFO - Sistema de hooks globales iniciado correctamente
2025-10-19 10:07:56,266 - INFO - Aplicación cerrada correctamente
2025-10-19 10:09:32,952 - INFO - Aplicación iniciada correctamente
2025-10-19 10:09:35,448 - INFO - Sistema de hooks globales iniciado correctamente
2025-10-19 10:12:56,888 - INFO - Aplicación cerrada correctamente
2025-10-19 10:14:57,218 - INFO - Aplicación iniciada correctamente
2025-10-19 10:14:59,723 - INFO - Sistema de hooks globales iniciado correctamente
2025-10-19 10:18:39,494 - INFO - Aplicación cerrada correctamente
2025-10-19 10:21:25,786 - INFO - Aplicación iniciada correctamente
2025-10-19 10:21:28,290 - INFO - Sistema de hooks globales iniciado correctamente
2025-10-19 10:33:16,818 - INFO - Aplicación iniciada correctamente
2025-10-19 10:33:19,329 - INFO - Sistema de hooks globales iniciado correctamente
2025-10-19 10:42:13,827 - INFO - Aplicación cerrada correctamente
2025-10-19 10:42:16,570 - INFO - Aplicación iniciada correctamente
2025-10-19 10:42:19,082 - INFO - Sistema de hooks globales iniciado correctamente
2025-10-19 10:44:25,782 - INFO - Sistema de hooks globales iniciado correctamente
2025-10-19 10:44:32,170 - INFO - Aplicación cerrada correctamente
2025-10-19 10:44:34,364 - INFO - Aplicación iniciada correctamente
2025-10-19 10:44:36,868 - INFO - Sistema de hooks globales iniciado correctamente
2025-10-19 10:44:44,309 - INFO - Aplicación cerrada correctamente
2025-10-19 10:47:42,434 - INFO - Aplicación iniciada correctamente
2025-10-19 10:47:44,928 - INFO - Sistema de hooks globales iniciado correctamente
2025-10-19 10:51:11,682 - INFO - Aplicación cerrada correctamente
2025-10-19 10:55:25,283 - INFO - Aplicación iniciada correctamente
2025-10-19 10:55:27,771 - INFO - Sistema de hooks globales iniciado correctamente
2025-10-19 10:56:43,243 - INFO - Aplicación cerrada correctamente
2025-10-19 10:57:21,288 - INFO - Aplicación iniciada correctamente
2025-10-19 10:57:23,794 - INFO - Sistema de hooks globales iniciado correctamente
2025-10-19 11:01:19,784 - INFO - Aplicación cerrada correctamente
2025-10-19 11:01:23,217 - INFO - Aplicación iniciada correctamente
2025-10-19 11:01:25,708 - INFO - Sistema de hooks globales iniciado correctamente
2025-10-19 11:07:44,624 - INFO - Aplicación cerrada correctamente
2025-10-19 11:30:13,986 - INFO - Aplicación iniciada correctamente
2025-10-19 11:30:16,493 - INFO - Sistema de hooks globales iniciado correctamente
2025-10-19 11:31:08,703 - INFO - Aplicación cerrada correctamente
2025-10-19 11:33:42,118 - INFO - Aplicación iniciada correctamente
2025-10-19 11:33:44,614 - INFO - Sistema de hooks globales iniciado correctamente
2025-10-19 11:37:31,819 - INFO - Aplicación cerrada correctamente
2025-10-19 11:37:33,929 - INFO - Aplicación iniciada correctamente
2025-10-19 11:37:36,522 - INFO - Sistema de hooks globales iniciado correctamente
2025-10-19 11:45:38,781 - INFO - Aplicación cerrada correctamente
2025-10-19 11:45:40,940 - INFO - Aplicación iniciada correctamente
2025-10-19 11:45:43,429 - INFO - Sistema de hooks globales iniciado correctamente
2025-10-19 11:50:25,830 - INFO - Aplicación cerrada correctamente
2025-10-19 11:50:28,086 - INFO - Aplicación iniciada correctamente
2025-10-19 11:50:30,670 - INFO - Sistema de hooks globales iniciado correctamente
2025-10-19 11:51:49,492 - INFO - Aplicación cerrada correctamente
2025-10-19 11:51:50,631 - INFO - Aplicación iniciada correctamente
2025-10-19 11:51:53,139 - INFO - Sistema de hooks globales iniciado correctamente
2025-10-19 11:56:37,242 - INFO - Aplicación cerrada correctamente
2025-10-19 11:56:39,196 - INFO - Aplicación iniciada correctamente
2025-10-19 11:56:41,708 - INFO - Sistema de hooks globales iniciado correctamente
2025-10-19 12:04:20,959 - INFO - Aplicación cerrada correctamente
2025-10-19 12:04:23,038 - INFO - Aplicación iniciada correctamente
2025-10-19 12:04:25,542 - INFO - Sistema de hooks globales iniciado correctamente
2025-10-19 12:05:29,087 - INFO - Aplicación cerrada correctamente
2025-10-19 12:07:23,294 - INFO - Aplicación iniciada correctamente
2025-10-19 12:07:25,802 - INFO - Sistema de hooks globales iniciado correctamente
2025-10-19 12:07:41,292 - INFO - Aplicación cerrada correctamente
2025-10-19 12:07:43,503 - INFO - Aplicación iniciada correctamente
2025-10-19 12:07:46,014 - INFO - Sistema de hooks globales iniciado correctamente
2025-10-19 12:08:00,261 - INFO - Aplicación cerrada correctamente
2025-10-19 12:08:05,762 - INFO - Aplicación iniciada correctamente
2025-10-19 12:08:08,274 - INFO - Sistema de hooks globales iniciado correctamente
2025-10-19 12:08:26,142 - INFO - Aplicación cerrada correctamente
2025-10-19 12:08:28,224 - INFO - Aplicación iniciada correctamente
2025-10-19 12:08:30,726 - INFO - Sistema de hooks globales iniciado correctamente
2025-10-19 12:08:47,106 - INFO - Aplicación cerrada correctamente
2025-10-19 12:09:15,697 - INFO - Aplicación iniciada correctamente
2025-10-19 12:09:18,216 - INFO - Sistema de hooks globales iniciado correctamente
2025-10-19 12:09:51,433 - INFO - Aplicación cerrada correctamente
2025-10-19 12:10:08,938 - INFO - Aplicación iniciada correctamente
2025-10-19 12:10:11,708 - INFO - Sistema de hooks globales iniciado correctamente
2025-10-19 12:10:24,564 - INFO - Aplicación cerrada correctamente
2025-10-19 12:11:00,008 - INFO - Aplicación iniciada correctamente
2025-10-19 12:11:02,510 - INFO - Sistema de hooks globales iniciado correctamente
2025-10-19 12:11:22,936 - INFO - Aplicación cerrada correctamente
2025-10-19 12:11:25,416 - INFO - Aplicación iniciada correctamente
2025-10-19 12:11:27,915 - INFO - Sistema de hooks globales iniciado correctamente
2025-10-19 12:11:42,830 - INFO - Aplicación cerrada correctamente
2025-10-19 12:11:44,806 - INFO - Aplicación iniciada correctamente
2025-10-19 12:11:47,309 - INFO - Sistema de hooks globales iniciado correctamente
2025-10-19 12:12:09,214 - INFO - Aplicación cerrada correctamente
2025-10-19 12:12:26,822 - INFO - Aplicación iniciada correctamente
2025-10-19 12:12:29,317 - INFO - Sistema de hooks globales iniciado correctamente
2025-10-19 12:22:55,935 - INFO - Aplicación cerrada correctamente
2025-10-19 12:22:58,536 - INFO - Aplicación iniciada correctamente
2025-10-19 12:23:01,036 - INFO - Sistema de hooks globales iniciado correctamente
2025-10-19 12:26:41,673 - INFO - Aplicación cerrada correctamente
2025-10-19 12:43:53,249 - INFO - Aplicación iniciada correctamente
2025-10-19 12:43:55,757 - INFO - Sistema de hooks globales iniciado correctamente
2025-10-19 12:47:16,997 - INFO - Aplicación cerrada correctamente
2025-10-19 12:48:09,006 - INFO - Aplicación iniciada correctamente
2025-10-19 12:48:11,534 - INFO - Sistema de hooks globales iniciado correctamente
2025-10-19 12:53:22,165 - INFO - Aplicación cerrada correctamente
2025-10-19 12:53:24,637 - INFO - Aplicación iniciada correctamente
2025-10-19 12:53:27,131 - INFO - Sistema de hooks globales iniciado correctamente
2025-10-19 13:00:56,631 - INFO - Aplicación cerrada correctamente
2025-10-19 13:01:00,631 - INFO - Aplicación iniciada correctamente
2025-10-19 13:01:03,132 - INFO - Sistema de hooks globales iniciado correctamente
2025-10-19 13:01:15,202 - INFO - Sistema de hooks globales iniciado correctamente
2025-10-19 13:01:40,964 - INFO - Sistema de hooks globales iniciado correctamente
2025-10-19 13:02:04,345 - INFO - Aplicación cerrada correctamente
2025-10-19 13:02:06,604 - INFO - Aplicación iniciada correctamente
2025-10-19 13:02:09,103 - INFO - Sistema de hooks globales iniciado correctamente
2025-10-19 13:03:53,658 - INFO - Sistema de hooks globales iniciado correctamente
2025-10-19 13:03:54,160 - INFO - Sistema de hooks globales iniciado correctamente
2025-10-19 13:03:56,105 - INFO - Aplicación cerrada correctamente
2025-10-19 13:04:03,548 - INFO - Aplicación iniciada correctamente
2025-10-19 13:04:06,037 - INFO - Sistema de hooks globales iniciado correctamente
2025-10-19 18:23:07,977 - INFO - Aplicación iniciada correctamente
2025-10-19 18:23:10,494 - INFO - Sistema de hooks globales iniciado correctamente
2025-10-19 18:31:17,656 - INFO - Aplicación cerrada correctamente
2025-10-19 18:37:06,575 - INFO - Aplicación iniciada correctamente
2025-10-19 18:37:09,068 - INFO - Sistema de hooks globales iniciado correctamente
2025-10-19 18:38:07,949 - INFO - Aplicación cerrada correctamente
2025-10-19 18:38:59,764 - INFO - Aplicación iniciada correctamente
2025-10-19 18:39:02,277 - INFO - Sistema de hooks globales iniciado correctamente
2025-10-19 18:42:18,189 - INFO - Aplicación cerrada correctamente
2025-10-19 18:42:21,931 - INFO - Aplicación iniciada correctamente
2025-10-19 18:42:24,427 - INFO - Sistema de hooks globales iniciado correctamente
2025-10-19 18:43:06,393 - INFO - Aplicación cerrada correctamente
2025-10-19 18:43:14,326 - INFO - Aplicación iniciada correctamente
2025-10-19 18:43:16,831 - INFO - Sistema de hooks globales iniciado correctamente
2025-10-19 19:13:56,013 - INFO - Aplicación cerrada correctamente
2025-10-19 19:13:58,209 - INFO - Aplicación iniciada correctamente
2025-10-19 19:14:00,709 - INFO - Sistema de hooks globales iniciado correctamente
2025-10-19 19:16:34,219 - INFO - Aplicación cerrada correctamente
2025-10-19 19:16:51,103 - INFO - Aplicación iniciada correctamente
2025-10-19 19:16:53,599 - INFO - Sistema de hooks globales iniciado correctamente
2025-10-19 19:29:59,678 - INFO - Aplicación cerrada correctamente
2025-10-19 19:33:56,675 - INFO - Aplicación iniciada correctamente
2025-10-19 19:33:59,164 - INFO - Sistema de hooks globales iniciado correctamente
2025-10-19 19:34:13,650 - INFO - Aplicación cerrada correctamente
2025-10-19 19:34:14,452 - INFO - Aplicación iniciada correctamente
2025-10-19 19:34:15,652 - INFO - Aplicación cerrada correctamente
2025-10-20 07:57:34,530 - INFO - Aplicación iniciada correctamente
2025-10-20 08:02:23,106 - INFO - Aplicación iniciada correctamente
2025-10-20 08:56:29,811 - INFO - Aplicación iniciada correctamente
2025-10-20 08:58:25,187 - INFO - Aplicación cerrada correctamente
2025-10-22 08:02:02,809 - INFO - Aplicación iniciada correctamente
2025-10-22 08:11:20,310 - INFO - Aplicación cerrada correctamente
2025-10-22 08:19:35,230 - INFO - Aplicación iniciada correctamente
2025-10-22 08:19:51,460 - INFO - Aplicación cerrada correctamente
2025-10-22 08:19:57,767 - INFO - Aplicación iniciada correctamente
2025-10-22 08:20:07,740 - INFO - Aplicación cerrada correctamente
2025-10-22 08:20:40,423 - INFO - Aplicación iniciada correctamente
2025-10-22 08:20:42,917 - INFO - Sistema de hooks globales iniciado correctamente
2025-10-22 08:29:05,100 - INFO - Sistema de hooks globales iniciado correctamente
2025-10-22 08:29:52,433 - INFO - Aplicación cerrada correctamente
2025-10-22 08:35:50,144 - INFO - Aplicación iniciada correctamente
2025-10-22 08:35:52,634 - INFO - Sistema de hooks globales iniciado correctamente
2025-10-22 08:39:56,421 - INFO - Aplicación cerrada correctamente
2025-10-22 08:39:57,404 - INFO - Aplicación iniciada correctamente
2025-10-22 08:39:59,895 - INFO - Sistema de hooks globales iniciado correctamente
2025-10-22 08:40:42,351 - INFO - Sistema de hooks globales iniciado correctamente
2025-10-22 08:40:43,204 - INFO - Sistema de hooks globales iniciado correctamente
2025-10-22 08:42:30,889 - INFO - Aplicación cerrada correctamente
2025-10-22 08:43:18,518 - INFO - Aplicación iniciada correctamente
2025-10-22 08:43:21,020 - INFO - Sistema de hooks globales iniciado correctamente
2025-10-22 08:44:33,413 - INFO - Aplicación cerrada correctamente
2025-10-22 08:44:35,352 - INFO - Aplicación iniciada correctamente
2025-10-22 08:44:37,856 - INFO - Sistema de hooks globales iniciado correctamente
2025-10-22 08:46:05,448 - INFO - Aplicación cerrada correctamente
2025-10-22 08:49:14,502 - INFO - Aplicación iniciada correctamente
2025-10-22 08:49:17,006 - INFO - Sistema de hooks globales iniciado correctamente
2025-10-22 08:58:21,849 - INFO - Aplicación cerrada correctamente
2025-10-22 08:58:22,651 - INFO - Aplicación iniciada correctamente
2025-10-22 08:58:25,150 - INFO - Sistema de hooks globales iniciado correctamente
2025-10-22 08:58:49,474 - INFO - Aplicación cerrada correctamente
2025-10-22 08:59:20,041 - INFO - Aplicación iniciada correctamente
2025-10-22 08:59:22,535 - INFO - Sistema de hooks globales iniciado correctamente
2025-10-22 08:59:41,509 - INFO - Aplicación cerrada correctamente
2025-10-22 09:02:40,933 - INFO - Aplicación iniciada correctamente
2025-10-22 09:02:43,440 - INFO - Sistema de hooks globales iniciado correctamente
2025-10-22 09:16:19,980 - INFO - Aplicación iniciada correctamente
2025-10-22 09:16:22,487 - INFO - Sistema de hooks globales iniciado correctamente
2025-10-22 09:18:35,927 - INFO - Aplicación iniciada correctamente
2025-10-22 09:18:38,416 - INFO - Sistema de hooks globales iniciado correctamente
2025-10-22 14:31:26,905 - INFO - Sistema de hooks globales iniciado correctamente
2025-10-22 14:31:27,504 - INFO - Sistema de hooks globales iniciado correctamente
2025-10-22 14:32:32,353 - INFO - Sistema de hooks globales iniciado correctamente
2025-10-22 14:32:32,857 - INFO - Sistema de hooks globales iniciado correctamente
2025-10-22 14:32:44,181 - INFO - Sistema de hooks globales iniciado correctamente
2025-10-22 14:32:53,660 - INFO - Sistema de hooks globales iniciado correctamente
2025-10-22 14:35:21,355 - INFO - Aplicación cerrada correctamente
2025-10-22 14:35:44,195 - INFO - Aplicación iniciada correctamente
2025-10-22 14:35:46,689 - INFO - Sistema de hooks globales iniciado correctamente
2025-10-22 14:35:56,581 - INFO - Sistema de hooks globales iniciado correctamente
2025-10-22 14:35:57,181 - INFO - Sistema de hooks globales iniciado correctamente
2025-10-22 14:35:59,753 - INFO - Aplicación cerrada correctamente
2025-10-22 14:36:02,109 - INFO - Aplicación iniciada correctamente
2025-10-22 14:36:04,616 - INFO - Sistema de hooks globales iniciado correctamente
2025-10-22 14:36:13,319 - INFO - Sistema de hooks globales iniciado correctamente
2025-10-22 14:36:13,821 - INFO - Sistema de hooks globales iniciado correctamente
2025-10-22 14:44:30,159 - INFO - Aplicación cerrada correctamente
2025-10-22 14:44:32,773 - INFO - Aplicación iniciada correctamente
2025-10-22 14:44:35,267 - INFO - Sistema de hooks globales iniciado correctamente
2025-10-22 14:44:37,255 - INFO - Aplicación cerrada correctamente
2025-11-22 17:41:48,644 - INFO - Aplicación iniciada correctamente
2025-11-22 17:41:51,192 - INFO - Sistema de hooks globales iniciado correctamente
2025-11-29 09:32:36,134 - INFO - Aplicación iniciada correctamente
2025-11-29 09:32:38,632 - INFO - Sistema de hooks globales iniciado correctamente
2025-11-29 09:37:15,761 - INFO - Aplicación cerrada correctamente
2025-11-29 09:38:39,464 - INFO - Aplicación iniciada correctamente
2025-11-29 09:38:41,961 - INFO - Sistema de hooks globales iniciado correctamente
2025-11-29 09:39:33,486 - INFO - Aplicación cerrada correctamente
2025-11-29 09:41:32,400 - INFO - Aplicación iniciada correctamente
2025-11-29 09:41:34,908 - INFO - Sistema de hooks globales iniciado correctamente
2025-11-29 09:44:14,419 - INFO - Aplicación cerrada correctamente
2025-11-29 09:51:21,657 - INFO - Aplicación iniciada correctamente
2025-11-29 09:51:24,154 - INFO - Sistema de hooks globales iniciado correctamente
2025-11-29 09:52:58,129 - INFO - Aplicación cerrada correctamente
2025-11-29 10:01:29,299 - INFO - Aplicación iniciada correctamente
2025-11-29 10:01:31,789 - INFO - Sistema de hooks globales iniciado correctamente
2025-11-29 10:02:36,334 - INFO - Aplicación cerrada correctamente
2025-11-29 10:02:40,913 - INFO - Aplicación iniciada correctamente
2025-11-29 10:02:43,413 - INFO - Sistema de hooks globales iniciado correctamente
2025-11-29 10:08:09,018 - INFO - Aplicación cerrada correctamente
2025-11-29 10:08:13,195 - INFO - Aplicación iniciada correctamente
2025-11-29 10:08:15,697 - INFO - Sistema de hooks globales iniciado correctamente
2025-11-29 10:14:23,379 - INFO - Aplicación cerrada correctamente
2025-11-29 10:14:40,255 - INFO - Aplicación iniciada correctamente
2025-11-29 10:14:42,757 - INFO - Sistema de hooks globales iniciado correctamente
2025-11-29 10:15:05,464 - INFO - Aplicación cerrada correctamente
2025-11-29 10:15:09,599 - INFO - Aplicación iniciada correctamente
2025-11-29 10:15:12,101 - INFO - Sistema de hooks globales iniciado correctamente
2025-11-29 10:16:47,968 - INFO - Aplicación cerrada correctamente
2025-11-29 10:20:28,613 - INFO - Aplicación iniciada correctamente
2025-11-29 10:20:31,101 - INFO - Sistema de hooks globales iniciado correctamente
2025-11-29 10:40:04,894 - INFO - Aplicación cerrada correctamente
2025-11-29 10:40:08,711 - INFO - Aplicación iniciada correctamente
2025-11-29 10:40:11,209 - INFO - Sistema de hooks globales iniciado correctamente
2025-11-29 10:50:36,912 - INFO - Aplicación cerrada correctamente
2025-11-29 10:50:40,824 - INFO - Aplicación iniciada correctamente
2025-11-29 10:50:43,320 - INFO - Sistema de hooks globales iniciado correctamente
2025-11-29 10:54:18,767 - INFO - Aplicación cerrada correctamente
2025-11-29 10:54:23,986 - INFO - Aplicación iniciada correctamente
2025-11-29 10:54:26,479 - INFO - Sistema de hooks globales iniciado correctamente
2025-11-29 11:37:41,206 - INFO - Aplicación cerrada correctamente
2025-11-29 11:39:52,039 - INFO - Aplicación iniciada correctamente
2025-11-29 11:39:54,540 - INFO - Sistema de hooks globales iniciado correctamente
2025-11-29 11:43:27,312 - INFO - Aplicación cerrada correctamente
2025-11-29 12:24:17,184 - INFO - Aplicación iniciada correctamente
2025-11-29 12:24:19,684 - INFO - Sistema de hooks globales iniciado correctamente
2025-11-29 12:37:37,818 - INFO - Aplicación cerrada correctamente
2025-11-29 12:37:41,909 - INFO - Aplicación iniciada correctamente
2025-11-29 12:37:44,397 - INFO - Sistema de hooks globales iniciado correctamente
2025-11-29 12:40:30,930 - INFO - Aplicación iniciada correctamente
2025-11-29 12:40:33,441 - INFO - Sistema de hooks globales iniciado correctamente
2025-11-29 12:41:43,733 - INFO - Aplicación cerrada correctamente
2025-11-29 12:41:49,206 - INFO - Aplicación iniciada correctamente
2025-11-29 12:41:51,700 - INFO - Sistema de hooks globales iniciado correctamente
2025-11-29 12:42:23,325 - INFO - Sistema de hooks globales iniciado correctamente
2025-11-29 12:42:26,385 - INFO - Sistema de hooks globales iniciado correctamente
2025-11-29 12:42:29,640 - INFO - Sistema de hooks globales iniciado correctamente
2025-11-29 12:42:37,608 - INFO - Sistema de hooks globales iniciado correctamente
2025-11-29 12:42:39,124 - INFO - Sistema de hooks globales iniciado correctamente
2025-11-29 12:43:26,871 - INFO - Aplicación cerrada correctamente
2025-11-29 17:09:22,484 - INFO - Aplicación iniciada correctamente
2025-11-29 17:09:24,977 - INFO - Sistema de hooks globales iniciado correctamente
2025-12-02 18:31:01,535 - INFO - Aplicación iniciada correctamente
2025-12-02 18:31:04,036 - INFO - Sistema de hooks globales iniciado correctamente
2025-12-06 18:57:13,960 - INFO - Aplicación iniciada correctamente
2025-12-06 18:57:16,469 - INFO - Sistema de hooks globales iniciado correctamente
2025-12-06 19:15:48,168 - INFO - Aplicación cerrada correctamente
2025-12-06 19:16:55,738 - INFO - Aplicación iniciada correctamente
2025-12-06 19:16:58,228 - INFO - Sistema de hooks globales iniciado correctamente
2025-12-06 19:19:07,654 - INFO - Aplicación cerrada correctamente
2025-12-06 19:21:22,733 - INFO - Aplicación iniciada correctamente
2025-12-06 19:21:25,225 - INFO - Sistema de hooks globales iniciado correctamente
2025-12-06 19:31:07,331 - INFO - Aplicación iniciada correctamente
2025-12-06 19:31:09,827 - INFO - Sistema de hooks globales iniciado correctamente
2025-12-06 19:33:55,963 - INFO - Aplicación iniciada correctamente
2025-12-06 19:33:58,464 - INFO - Sistema de hooks globales iniciado correctamente
2025-12-06 19:57:27,448 - INFO - Aplicación iniciada correctamente
2025-12-06 19:57:29,949 - INFO - Sistema de hooks globales iniciado correctamente
